c:\users\js105498\desktop\3dpn\dianzulv\dianzulv\x64\debug\main.obj
c:\users\js105498\desktop\3dpn\dianzulv\dianzulv\x64\debug\dianzulv.obj
c:\users\js105498\desktop\3dpn\dianzulv\dianzulv\x64\debug\vc141.pdb
c:\users\js105498\desktop\3dpn\dianzulv\dianzulv\x64\debug\moc_dianzulv.obj
c:\users\js105498\desktop\3dpn\dianzulv\dianzulv\x64\debug\qrc_dianzulv.obj
c:\users\js105498\desktop\3dpn\dianzulv\dianzulv\x64\debug\uic\ui_dianzulv.h
c:\users\js105498\desktop\3dpn\dianzulv\dianzulv\x64\debug\rcc\qrc_dianzulv.cpp
c:\users\js105498\desktop\3dpn\dianzulv\dianzulv\x64\debug\moc\moc_dianzulv.cpp
c:\users\js105498\desktop\3dpn\dianzulv\x64\debug\dianzulv.ilk
c:\users\js105498\desktop\3dpn\dianzulv\x64\debug\dianzulv.exe
c:\users\js105498\desktop\3dpn\dianzulv\x64\debug\dianzulv.pdb
c:\users\js105498\desktop\3dpn\dianzulv\dianzulv\x64\debug\dianzulv.tlog\cl.1408.write.1.tlog
c:\users\js105498\desktop\3dpn\dianzulv\dianzulv\x64\debug\dianzulv.tlog\cl.command.1.tlog
c:\users\js105498\desktop\3dpn\dianzulv\dianzulv\x64\debug\dianzulv.tlog\cl.read.1.tlog
c:\users\js105498\desktop\3dpn\dianzulv\dianzulv\x64\debug\dianzulv.tlog\dianzulv.write.1u.tlog
c:\users\js105498\desktop\3dpn\dianzulv\dianzulv\x64\debug\dianzulv.tlog\link.command.1.tlog
c:\users\js105498\desktop\3dpn\dianzulv\dianzulv\x64\debug\dianzulv.tlog\link.read.1.tlog
c:\users\js105498\desktop\3dpn\dianzulv\dianzulv\x64\debug\dianzulv.tlog\link.write.1.tlog
c:\users\js105498\desktop\3dpn\dianzulv\dianzulv\x64\debug\dianzulv.tlog\moc.read.1u.tlog
c:\users\js105498\desktop\3dpn\dianzulv\dianzulv\x64\debug\dianzulv.tlog\moc.write.1u.tlog
c:\users\js105498\desktop\3dpn\dianzulv\dianzulv\x64\debug\dianzulv.tlog\rcc.read.1u.tlog
c:\users\js105498\desktop\3dpn\dianzulv\dianzulv\x64\debug\dianzulv.tlog\rcc.write.1u.tlog
c:\users\js105498\desktop\3dpn\dianzulv\dianzulv\x64\debug\dianzulv.tlog\uic.read.1u.tlog
c:\users\js105498\desktop\3dpn\dianzulv\dianzulv\x64\debug\dianzulv.tlog\uic.write.1u.tlog
