c:\users\js105498\desktop\dianzulv 终稿\dianzulv\x64\release\main.obj
c:\users\js105498\desktop\dianzulv 终稿\dianzulv\x64\release\dianzulv.obj
c:\users\js105498\desktop\dianzulv 终稿\dianzulv\x64\release\vc141.pdb
c:\users\js105498\desktop\dianzulv 终稿\dianzulv\x64\release\moc_dianzulv.obj
c:\users\js105498\desktop\dianzulv 终稿\dianzulv\x64\release\qrc_dianzulv.obj
c:\users\js105498\desktop\dianzulv 终稿\dianzulv\x64\release\uic\ui_dianzulv.h
c:\users\js105498\desktop\dianzulv 终稿\dianzulv\x64\release\rcc\qrc_dianzulv.cpp
c:\users\js105498\desktop\dianzulv 终稿\dianzulv\x64\release\moc\moc_dianzulv.cpp
c:\users\js105498\desktop\dianzulv 终稿\x64\release\dianzulv.lib
c:\users\js105498\desktop\dianzulv 终稿\x64\release\dianzulv.exp
c:\users\js105498\desktop\dianzulv 终稿\x64\release\dianzulv.ilk
c:\users\js105498\desktop\dianzulv 终稿\x64\release\dianzulv.exe
c:\users\js105498\desktop\dianzulv 终稿\x64\release\dianzulv.pdb
c:\users\js105498\desktop\dianzulv\dianzulv\x64\release\dianzulv.obj
c:\users\js105498\desktop\dianzulv\dianzulv\x64\release\main.obj
c:\users\js105498\desktop\dianzulv\dianzulv\x64\release\moc_dianzulv.obj
c:\users\js105498\desktop\dianzulv\dianzulv\x64\release\qrc_dianzulv.obj
c:\users\js105498\desktop\dianzulv\dianzulv\x64\release\vc141.pdb
c:\users\js105498\desktop\dianzulv\x64\release\dianzulv.pdb
c:\users\js105498\desktop\dianzulv\x64\release\dianzulv.exe
c:\users\js105498\desktop\dianzulv\x64\release\dianzulv.ilk
c:\users\js105498\desktop\dianzulv\dianzulv\x64\release\dianzulv.tlog\cl.10388.write.1.tlog
c:\users\js105498\desktop\dianzulv\dianzulv\x64\release\dianzulv.tlog\cl.command.1.tlog
c:\users\js105498\desktop\dianzulv\dianzulv\x64\release\dianzulv.tlog\cl.read.1.tlog
c:\users\js105498\desktop\dianzulv\dianzulv\x64\release\dianzulv.tlog\dianzulv.write.1u.tlog
c:\users\js105498\desktop\dianzulv\dianzulv\x64\release\dianzulv.tlog\link.command.1.tlog
c:\users\js105498\desktop\dianzulv\dianzulv\x64\release\dianzulv.tlog\link.read.1.tlog
c:\users\js105498\desktop\dianzulv\dianzulv\x64\release\dianzulv.tlog\link.write.1.tlog
c:\users\js105498\desktop\dianzulv\dianzulv\x64\release\dianzulv.tlog\moc.read.1u.tlog
c:\users\js105498\desktop\dianzulv\dianzulv\x64\release\dianzulv.tlog\moc.write.1u.tlog
c:\users\js105498\desktop\dianzulv\dianzulv\x64\release\dianzulv.tlog\rcc.read.1u.tlog
c:\users\js105498\desktop\dianzulv\dianzulv\x64\release\dianzulv.tlog\rcc.write.1u.tlog
c:\users\js105498\desktop\dianzulv\dianzulv\x64\release\dianzulv.tlog\uic.read.1u.tlog
c:\users\js105498\desktop\dianzulv\dianzulv\x64\release\dianzulv.tlog\uic.write.1u.tlog
