c:\users\js105498\desktop\dianzulv 终稿\temp\release\x64\plcconnect\vc141.pdb
c:\users\js105498\desktop\dianzulv 终稿\temp\release\x64\plcconnect\cbeckoffmanage.obj
c:\users\js105498\desktop\dianzulv 终稿\temp\release\x64\plcconnect\cbeckhoff.obj
c:\users\js105498\desktop\dianzulv 终稿\bin\x64\release\plcconnect.dll
c:\users\js105498\desktop\dianzulv 终稿\bin\x64\release\plcconnect.pdb
c:\users\js105498\desktop\dianzulv 终稿\bin\x64\release\plcconnect.lib
c:\users\js105498\desktop\dianzulv 终稿\bin\x64\release\plcconnect.exp
c:\users\js105498\desktop\dianzulv 终稿\bin\x64\release\plcconnect.ipdb
c:\users\js105498\desktop\dianzulv 终稿\bin\x64\release\plcconnect.iobj
c:\users\js105498\desktop\dianzulv\temp\release\x64\plcconnect\cbeckhoff.obj
c:\users\js105498\desktop\dianzulv\temp\release\x64\plcconnect\cbeckoffmanage.obj
c:\users\js105498\desktop\dianzulv\temp\release\x64\plcconnect\vc141.pdb
c:\users\js105498\desktop\dianzulv\bin\x64\release\plcconnect.pdb
c:\users\js105498\desktop\dianzulv\bin\x64\release\plcconnect.dll
c:\users\js105498\desktop\dianzulv\temp\release\x64\plcconnect\plcconnect.tlog\cl.command.1.tlog
c:\users\js105498\desktop\dianzulv\temp\release\x64\plcconnect\plcconnect.tlog\cl.read.1.tlog
c:\users\js105498\desktop\dianzulv\temp\release\x64\plcconnect\plcconnect.tlog\cl.write.1.tlog
c:\users\js105498\desktop\dianzulv\temp\release\x64\plcconnect\plcconnect.tlog\link.command.1.tlog
c:\users\js105498\desktop\dianzulv\temp\release\x64\plcconnect\plcconnect.tlog\link.read.1.tlog
c:\users\js105498\desktop\dianzulv\temp\release\x64\plcconnect\plcconnect.tlog\link.write.1.tlog
c:\users\js105498\desktop\dianzulv\temp\release\x64\plcconnect\plcconnect.tlog\plcconnect.write.1u.tlog
